<?xml version="1.0" encoding="utf-8"?><testsuites name="pytest tests"><testsuite name="pytest" errors="0" failures="3" skipped="0" tests="11" time="4.335" timestamp="2026-07-05T20:08:20.344020+00:00" hostname="agent-env-5d64c4ce-4121-4276-a009-38b74b78862d"><testcase classname="tests.test_won_automation.TestWonAutomation" name="test_full_won_automation_flow" time="1.471" /><testcase classname="tests.test_auth.TestLogin" name="test_admin_login_success" time="0.637" /><testcase classname="tests.test_auth.TestLogin" name="test_httponly_cookies_set" time="0.370" /><testcase classname="tests.test_auth.TestLogin" name="test_invalid_credentials" time="0.347" /><testcase classname="tests.test_auth.TestLogin" name="test_me_endpoint_requires_auth" time="0.105" /><testcase classname="tests.test_auth.TestLogin" name="test_me_endpoint_with_auth" time="0.606" /><testcase classname="tests.test_won_automation.TestWonAutomation" name="test_double_won_does_not_duplicate" time="0.697" /><testcase classname="tests.test_auth.TestLogin" name="test_logout" time="0.509" /><testcase classname="tests.test_auth.TestBruteForce" name="test_lockout_after_5_failed_attempts" time="0.486"><failure message="assert 429 in (401,)&#10; +  where 429 = &lt;Response [429]&gt;.status_code">E   assert 429 in (401,)
     +  where 429 = &lt;Response [429]&gt;.status_code</failure></testcase><testcase classname="tests.test_auth.TestCORS" name="test_cors_allows_credentials_explicit_origin" time="0.063"><failure message="AssertionError: CORS should not use wildcard origin when credentials enabled&#10;assert '*' != '*'">E   AssertionError: CORS should not use wildcard origin when credentials enabled
    assert '*' != '*'</failure></testcase><testcase classname="tests.test_won_automation.TestPortalUserCreationAndAccess" name="test_create_portal_user_and_login" time="1.113"><failure message="AssertionError: Client should not access settings/team, got 200&#10;assert 200 == 403&#10; +  where 200 = &lt;Response [200]&gt;.status_code">E   AssertionError: Client should not access settings/team, got 200
    assert 200 == 403
     +  where 200 = &lt;Response [200]&gt;.status_code</failure></testcase></testsuite></testsuites>