<?xml version="1.0" encoding="utf-8"?><testsuites name="pytest tests"><testsuite name="pytest" errors="0" failures="2" skipped="0" tests="13" time="5.557" timestamp="2026-07-05T21:12:51.920826+00:00" hostname="agent-env-5d64c4ce-4121-4276-a009-38b74b78862d"><testcase classname="tests.test_settings_rbac.TestTeamSettingsRBAC" name="test_admin_can_list_team" time="0.939" /><testcase classname="tests.test_auth.TestLogin" name="test_admin_login_success" time="0.410" /><testcase classname="tests.test_auth.TestLogin" name="test_httponly_cookies_set" time="0.485" /><testcase classname="tests.test_auth.TestLogin" name="test_invalid_credentials" time="0.583" /><testcase classname="tests.test_settings_rbac.TestTeamSettingsRBAC" name="test_client_role_forbidden_from_team_list" time="2.068" /><testcase classname="tests.test_auth.TestLogin" name="test_me_endpoint_requires_auth" time="0.132" /><testcase classname="tests.test_auth.TestLogin" name="test_me_endpoint_with_auth" time="0.552" /><testcase classname="tests.test_auth.TestLogin" name="test_logout" time="0.443" /><testcase classname="tests.test_auth.TestBruteForce" name="test_lockout_after_5_failed_attempts" time="0.308"><failure message="assert 429 in (401,)&#10; +  where 429 = &lt;Response [429]&gt;.status_code">backend/tests/test_auth.py:62: in test_lockout_after_5_failed_attempts
    assert resp.status_code in (401,)
E   assert 429 in (401,)
E    +  where 429 = &lt;Response [429]&gt;.status_code</failure></testcase><testcase classname="tests.test_auth.TestCORS" name="test_cors_allows_credentials_explicit_origin" time="0.069"><failure message="AssertionError: CORS should not use wildcard origin when credentials enabled&#10;assert '*' != '*'">backend/tests/test_auth.py:80: in test_cors_allows_credentials_explicit_origin
    assert acao != "*", "CORS should not use wildcard origin when credentials enabled"
E   AssertionError: CORS should not use wildcard origin when credentials enabled
E   assert '*' != '*'</failure></testcase><testcase classname="tests.test_won_automation.TestPortalUserCreationAndAccess" name="test_create_portal_user_and_login" time="1.867" /><testcase classname="tests.test_won_automation.TestWonAutomation" name="test_full_won_automation_flow" time="1.497" /><testcase classname="tests.test_won_automation.TestWonAutomation" name="test_double_won_does_not_duplicate" time="0.468" /></testsuite></testsuites>