<?xml version="1.0" encoding="utf-8"?><testsuites name="pytest tests"><testsuite name="pytest" errors="0" failures="1" skipped="0" tests="40" time="11.273" timestamp="2026-07-05T21:52:37.044137+00:00" hostname="agent-env-5d64c4ce-4121-4276-a009-38b74b78862d"><testcase classname="tests.test_auth.TestLogin" name="test_admin_login_success" time="0.568" /><testcase classname="tests.test_auth.TestLogin" name="test_httponly_cookies_set" time="0.322" /><testcase classname="tests.test_auth.TestLogin" name="test_invalid_credentials" time="0.547" /><testcase classname="tests.test_phase2_features.TestEmailIntegration" name="test_create_portal_access_sends_welcome_email" time="1.649" /><testcase classname="tests.test_auth.TestLogin" name="test_me_endpoint_requires_auth" time="0.115" /><testcase classname="tests.test_auth.TestLogin" name="test_me_endpoint_with_auth" time="0.602" /><testcase classname="tests.test_phase2_features.TestEmailIntegration" name="test_invite_team_member_sends_invite_email" time="0.828" /><testcase classname="tests.test_auth.TestLogin" name="test_logout" time="0.447" /><testcase classname="tests.test_phase2_features.TestEmailIntegration" name="test_send_invoice_attempts_email" time="0.449" /><testcase classname="tests.test_phase2_features.TestEmailIntegration" name="test_forgot_password_existing_user" time="0.270" /><testcase classname="tests.test_phase2_features.TestProposalPublicSigning" name="test_create_proposal_has_share_token" time="0.521" /><testcase classname="tests.test_phase2_features.TestProposalPublicSigning" name="test_public_get_proposal_no_auth" time="0.145" /><testcase classname="tests.test_phase2_features.TestEmailIntegration" name="test_forgot_password_nonexistent_user_still_200" time="0.113" /><testcase classname="tests.test_phase2_features.TestProposalPublicSigning" name="test_public_sign_proposal_accept_no_auth" time="0.491" /><testcase classname="tests.test_phase3_features.TestExpenseCurrencyConversion" name="test_create_usd_expense_converts_to_base" time="0.548" /><testcase classname="tests.test_phase2_features.TestProposalPublicSigning" name="test_public_proposal_invalid_token_404" time="0.145" /><testcase classname="tests.test_phase3_features.TestExpenseCurrencyConversion" name="test_create_inr_expense_personal_withdrawal" time="0.146" /><testcase classname="tests.test_phase2_features.TestProposalPublicSigning" name="test_share_email_endpoint_sets_status_sent" time="0.341" /><testcase classname="tests.test_phase3_features.TestExpenseCurrencyConversion" name="test_invalid_currency_rejected" time="0.050" /><testcase classname="tests.test_phase3_features.TestExpenseCurrencyConversion" name="test_invalid_expense_type_rejected" time="0.046" /><testcase classname="tests.test_phase3_features.TestExpenseCurrencyConversion" name="test_cleanup_delete_expenses" time="0.192" /><testcase classname="tests.test_phase2_features.TestContractSigning" name="test_staff_sign_contract" time="0.223" /><testcase classname="tests.test_phase3_features.TestNotesCRUD" name="test_create_list_update_pin_delete_note" time="0.562" /><testcase classname="tests.test_phase2_features.TestContractSigning" name="test_portal_client_sign_contract" time="0.912" /><testcase classname="tests.test_phase3_features.TestNotesCRUD" name="test_delete_nonexistent_note_404" time="0.048" /><testcase classname="tests.test_phase3_features.TestNotesCRUD" name="test_notes_scoped_per_user_not_shared" time="0.099" /><testcase classname="tests.test_phase3_features.TestInvoiceCurrency" name="test_create_invoice_requires_client" time="0.456" /><testcase classname="tests.test_phase2_features.TestContractSigning" name="test_portal_client_cannot_sign_other_clients_contract" time="1.701" /><testcase classname="tests.test_phase3_features.TestInvoiceCurrency" name="test_cleanup_delete_invoice" time="0.044" /><testcase classname="tests.test_settings_rbac.TestTeamSettingsRBAC" name="test_admin_can_list_team" time="0.384" /><testcase classname="tests.test_settings_rbac.TestTeamSettingsRBAC" name="test_client_role_forbidden_from_team_list" time="2.049" /><testcase classname="tests.test_phase3_features.TestCompanySettingsCurrency" name="test_get_company_settings_default_currency_inr" time="0.360" /><testcase classname="tests.test_phase3_features.TestCompanySettingsCurrency" name="test_update_currency_invalid_rejected" time="0.041" /><testcase classname="tests.test_phase3_features.TestCompanySettingsCurrency" name="test_update_currency_valid_and_revert" time="0.404" /><testcase classname="tests.test_auth.TestBruteForce" name="test_lockout_after_5_failed_attempts" time="0.552" /><testcase classname="tests.test_won_automation.TestWonAutomation" name="test_full_won_automation_flow" time="0.935" /><testcase classname="tests.test_auth.TestCORS" name="test_cors_allows_credentials_explicit_origin" time="0.072"><failure message="AssertionError: CORS should not use wildcard origin when credentials enabled&#10;assert '*' != '*'">backend/tests/test_auth.py:80: in test_cors_allows_credentials_explicit_origin
    assert acao != "*", "CORS should not use wildcard origin when credentials enabled"
E   AssertionError: CORS should not use wildcard origin when credentials enabled
E   assert '*' != '*'</failure></testcase><testcase classname="tests.test_won_automation.TestWonAutomation" name="test_double_won_does_not_duplicate" time="0.508" /><testcase classname="tests.test_phase3_features.TestFinanceSummaryCurrency" name="test_finance_summary_has_expense_breakdown_field" time="0.407" /><testcase classname="tests.test_won_automation.TestPortalUserCreationAndAccess" name="test_create_portal_user_and_login" time="1.337" /></testsuite></testsuites>