<?xml version="1.0" encoding="utf-8"?><testsuites name="pytest tests"><testsuite name="pytest" errors="0" failures="0" skipped="1" tests="14" time="2.148" timestamp="2026-07-05T21:43:10.972514+00:00" hostname="agent-env-5d64c4ce-4121-4276-a009-38b74b78862d"><testcase classname="tests.test_phase3_features.TestNotesCRUD" name="test_create_list_update_pin_delete_note" time="1.015" /><testcase classname="tests.test_phase3_features.TestExpenseCurrencyConversion" name="test_create_usd_expense_converts_to_base" time="0.896" /><testcase classname="tests.test_phase3_features.TestExpenseCurrencyConversion" name="test_create_inr_expense_personal_withdrawal" time="0.149" /><testcase classname="tests.test_phase3_features.TestNotesCRUD" name="test_delete_nonexistent_note_404" time="0.087" /><testcase classname="tests.test_phase3_features.TestExpenseCurrencyConversion" name="test_invalid_currency_rejected" time="0.047" /><testcase classname="tests.test_phase3_features.TestExpenseCurrencyConversion" name="test_invalid_expense_type_rejected" time="0.054" /><testcase classname="tests.test_phase3_features.TestNotesCRUD" name="test_notes_scoped_per_user_not_shared" time="0.090" /><testcase classname="tests.test_phase3_features.TestExpenseCurrencyConversion" name="test_cleanup_delete_expenses" time="0.256" /><testcase classname="tests.test_phase3_features.TestCompanySettingsCurrency" name="test_get_company_settings_default_currency_inr" time="0.047" /><testcase classname="tests.test_phase3_features.TestCompanySettingsCurrency" name="test_update_currency_invalid_rejected" time="0.082" /><testcase classname="tests.test_phase3_features.TestCompanySettingsCurrency" name="test_update_currency_valid_and_revert" time="0.267" /><testcase classname="tests.test_phase3_features.TestInvoiceCurrency" name="test_create_invoice_requires_client" time="0.056"><skipped type="pytest.skip" message="No clients exist to attach invoice to">/app/backend/tests/test_phase3_features.py:188: No clients exist to attach invoice to</skipped></testcase><testcase classname="tests.test_phase3_features.TestInvoiceCurrency" name="test_cleanup_delete_invoice" time="0.000" /><testcase classname="tests.test_phase3_features.TestFinanceSummaryCurrency" name="test_finance_summary_has_expense_breakdown_field" time="0.044" /></testsuite></testsuites>