<?xml version="1.0" encoding="utf-8"?><testsuites name="pytest tests"><testsuite name="pytest" errors="0" failures="0" skipped="0" tests="13" time="4.831" timestamp="2026-07-05T21:14:44.455450+00:00" hostname="agent-env-5d64c4ce-4121-4276-a009-38b74b78862d"><testcase classname="tests.test_phase2_features.TestEmailIntegration" name="test_create_portal_access_sends_welcome_email" time="1.237" /><testcase classname="tests.test_phase2_features.TestProposalPublicSigning" name="test_create_proposal_has_share_token" time="1.071" /><testcase classname="tests.test_phase2_features.TestProposalPublicSigning" name="test_public_get_proposal_no_auth" time="0.161" /><testcase classname="tests.test_phase2_features.TestProposalPublicSigning" name="test_public_sign_proposal_accept_no_auth" time="0.387" /><testcase classname="tests.test_phase2_features.TestEmailIntegration" name="test_invite_team_member_sends_invite_email" time="0.447" /><testcase classname="tests.test_phase2_features.TestProposalPublicSigning" name="test_public_proposal_invalid_token_404" time="0.113" /><testcase classname="tests.test_phase2_features.TestEmailIntegration" name="test_send_invoice_attempts_email" time="0.292" /><testcase classname="tests.test_phase2_features.TestProposalPublicSigning" name="test_share_email_endpoint_sets_status_sent" time="0.341" /><testcase classname="tests.test_phase2_features.TestEmailIntegration" name="test_forgot_password_existing_user" time="0.267" /><testcase classname="tests.test_phase2_features.TestContractSigning" name="test_staff_sign_contract" time="0.137" /><testcase classname="tests.test_phase2_features.TestContractSigning" name="test_portal_client_sign_contract" time="0.919" /><testcase classname="tests.test_phase2_features.TestEmailIntegration" name="test_forgot_password_nonexistent_user_still_200" time="0.242" /><testcase classname="tests.test_phase2_features.TestContractSigning" name="test_portal_client_cannot_sign_other_clients_contract" time="1.047" /></testsuite></testsuites>