<?xml version="1.0" encoding="utf-8"?><testsuites name="pytest tests"><testsuite name="pytest" errors="0" failures="1" skipped="1" tests="10" time="3.102" timestamp="2026-07-05T20:15:05.081235+00:00" hostname="agent-env-5d64c4ce-4121-4276-a009-38b74b78862d"><testcase classname="tests.test_settings_rbac.TestTeamSettingsRBAC" name="test_admin_can_list_team" time="0.697" /><testcase classname="tests.test_auth.TestLogin" name="test_admin_login_success" time="0.697" /><testcase classname="tests.test_settings_rbac.TestTeamSettingsRBAC" name="test_client_role_forbidden_from_team_list" time="0.586"><skipped type="pytest.skip" message="Could not create client for RBAC test: 405 {&quot;detail&quot;:&quot;Method Not Allowed&quot;}">/app/backend/tests/test_settings_rbac.py:37: Could not create client for RBAC test: 405 {"detail":"Method Not Allowed"}</skipped></testcase><testcase classname="tests.test_auth.TestLogin" name="test_httponly_cookies_set" time="0.546" /><testcase classname="tests.test_auth.TestLogin" name="test_invalid_credentials" time="0.323" /><testcase classname="tests.test_auth.TestBruteForce" name="test_lockout_after_5_failed_attempts" time="0.777" /><testcase classname="tests.test_auth.TestLogin" name="test_me_endpoint_requires_auth" time="0.151" /><testcase classname="tests.test_auth.TestLogin" name="test_me_endpoint_with_auth" time="0.428" /><testcase classname="tests.test_auth.TestCORS" name="test_cors_allows_credentials_explicit_origin" time="0.067"><failure message="AssertionError: CORS should not use wildcard origin when credentials enabled&#10;assert '*' != '*'">backend/tests/test_auth.py:80: in test_cors_allows_credentials_explicit_origin
    assert acao != "*", "CORS should not use wildcard origin when credentials enabled"
E   AssertionError: CORS should not use wildcard origin when credentials enabled
E   assert '*' != '*'</failure></testcase><testcase classname="tests.test_auth.TestLogin" name="test_logout" time="0.426" /></testsuite></testsuites>